<?xml version="1.0" encoding="UTF-8"?>
<!-- Generated by org.testng.reporters.JUnitReportReporter -->
<testsuite hostname="Aliva" failures="0" tests="2" name="com.ecomm.qa.testcases.LoginPageTest" time="1.349" errors="0" timestamp="2022-08-15T15:09:47 IST" skipped="0">
  <testcase classname="com.ecomm.qa.testcases.LoginPageTest" name="validateLogo" time="0.008"/>
  <system-out/>
  <testcase classname="com.ecomm.qa.testcases.LoginPageTest" name="testLogin" time="1.341"/>
  <system-out/>
</testsuite> <!-- com.ecomm.qa.testcases.LoginPageTest -->
